<?xml version="1.0" encoding="UTF-8"?>
<!-- Generated by org.testng.reporters.JUnitXMLReporter -->
<testsuite ignored="0" hostname="Ashwin" failures="0" tests="5" name="Default test" time="26.457" errors="0" timestamp="2023-03-27T19:07:14 IST">
  <testcase classname="TestCase.AdvanceWillTraditional" name="loginPositive" time="2.201"/>
  <testcase classname="TestCase.AdvanceWillTraditional" name="CreateMenuNavigation" time="1.846"/>
  <testcase classname="TestCase.AdvanceWillTraditional" name="Selectproducts" time="3.645"/>
  <testcase classname="TestCase.AdvanceWillTraditional" name="Step1" time="9.634"/>
  <testcase classname="TestCase.AdvanceWillTraditional" name="Existngwill" time="1.777"/>
</testsuite> <!-- Default test -->
