<?xml version="1.0" encoding="UTF-8"?>
<testng-results ignored="0" total="5" passed="5" failed="0" skipped="0">
  <reporter-output>
  </reporter-output>
  <suite started-at="2023-03-27T19:06:47 IST" name="Default suite" finished-at="2023-03-27T19:07:14 IST" duration-ms="26457">
    <groups>
    </groups>
    <test started-at="2023-03-27T19:06:47 IST" name="Default test" finished-at="2023-03-27T19:07:14 IST" duration-ms="26457">
      <class name="TestCase.AdvanceWillTraditional">
        <test-method is-config="true" signature="launchapplication1()[pri:0, instance:TestCase.AdvanceWillTraditional@449a4f23]" started-at="2023-03-27T19:06:47 IST" name="launchapplication1" finished-at="2023-03-27T19:06:55 IST" duration-ms="7237" status="PASS">
          <reporter-output>
          </reporter-output>
        </test-method> <!-- launchapplication1 -->
        <test-method signature="loginPositive()[pri:0, instance:TestCase.AdvanceWillTraditional@449a4f23]" started-at="2023-03-27T19:06:55 IST" name="loginPositive" finished-at="2023-03-27T19:06:57 IST" duration-ms="2201" status="PASS">
          <reporter-output>
          </reporter-output>
        </test-method> <!-- loginPositive -->
        <test-method signature="CreateMenuNavigation()[pri:1, instance:TestCase.AdvanceWillTraditional@449a4f23]" started-at="2023-03-27T19:06:57 IST" name="CreateMenuNavigation" finished-at="2023-03-27T19:06:59 IST" duration-ms="1846" status="PASS">
          <reporter-output>
          </reporter-output>
        </test-method> <!-- CreateMenuNavigation -->
        <test-method signature="Selectproducts()[pri:2, instance:TestCase.AdvanceWillTraditional@449a4f23]" started-at="2023-03-27T19:06:59 IST" name="Selectproducts" finished-at="2023-03-27T19:07:02 IST" duration-ms="3645" status="PASS">
          <reporter-output>
          </reporter-output>
        </test-method> <!-- Selectproducts -->
        <test-method signature="Step1()[pri:3, instance:TestCase.AdvanceWillTraditional@449a4f23]" started-at="2023-03-27T19:07:02 IST" name="Step1" finished-at="2023-03-27T19:07:12 IST" duration-ms="9634" status="PASS">
          <reporter-output>
          </reporter-output>
        </test-method> <!-- Step1 -->
        <test-method signature="Existngwill()[pri:4, instance:TestCase.AdvanceWillTraditional@449a4f23]" started-at="2023-03-27T19:07:12 IST" name="Existngwill" finished-at="2023-03-27T19:07:14 IST" duration-ms="1777" status="PASS">
          <reporter-output>
          </reporter-output>
        </test-method> <!-- Existngwill -->
        <test-method is-config="true" signature="teardown1()[pri:0, instance:TestCase.AdvanceWillTraditional@449a4f23]" started-at="2023-03-27T19:07:14 IST" name="teardown1" finished-at="2023-03-27T19:07:14 IST" duration-ms="98" status="PASS">
          <reporter-output>
          </reporter-output>
        </test-method> <!-- teardown1 -->
      </class> <!-- TestCase.AdvanceWillTraditional -->
    </test> <!-- Default test -->
  </suite> <!-- Default suite -->
</testng-results>
